[2021-04-08 13:41:14,214] multiqc                                            [DEBUG  ]  No MultiQC config found: /projects/camcd@colostate.edu/miniconda3/envs/qctrim/lib/python2.7/site-packages/multiqc-1.0.dev0-py2.7.egg/multiqc_config.yaml
[2021-04-08 13:41:14,214] multiqc                                            [DEBUG  ]  No MultiQC config found: /home/camcd@colostate.edu/.multiqc_config.yaml
[2021-04-08 13:41:14,214] multiqc                                            [DEBUG  ]  No MultiQC config found: multiqc_config.yaml
[2021-04-08 13:41:14,214] multiqc                                            [DEBUG  ]  Command used: /projects/camcd@colostate.edu/miniconda3/envs/qctrim/bin/multiqc results/fastqc/trimmed -o results/multiqc/trimmed
[2021-04-08 13:41:14,215] multiqc                                            [DEBUG  ]  Could not connect to multiqc.info for version check
[2021-04-08 13:41:14,215] multiqc                                            [INFO   ]  This is MultiQC v1.0.dev0
[2021-04-08 13:41:14,215] multiqc                                            [DEBUG  ]  Command     : /projects/camcd@colostate.edu/miniconda3/envs/qctrim/bin/multiqc results/fastqc/trimmed -o results/multiqc/trimmed
[2021-04-08 13:41:14,215] multiqc                                            [DEBUG  ]  Working dir : /gpfs/summit/scratch/camcd@colostate.edu/Florida-panther-virus
[2021-04-08 13:41:14,215] multiqc                                            [INFO   ]  Template    : default
[2021-04-08 13:41:14,216] multiqc                                            [INFO   ]  Searching 'results/fastqc/trimmed'
[2021-04-08 13:41:14,216] multiqc                                            [DEBUG  ]  Analysing modules: custom_content, peddy, methylQA, qualimap, preseq, quast, rseqc, busco, goleft_indexcov, snpeff, gatk, htseq, bcftools, featureCounts, picard, prokka, samblaster, samtools, bamtools, bismark, hicup, salmon, kallisto, slamdunk, star, tophat, bowtie2, bowtie1, cutadapt, trimmomatic, skewer, fastq_screen, fastqc, clusterflow
[2021-04-08 13:41:14,216] multiqc                                            [DEBUG  ]  Using temporary directory for creating report: /tmp/tmpHtbAFK
[2021-04-08 13:41:23,910] multiqc.modules.custom_content.custom_content      [DEBUG  ]  No custom content found
[2021-04-08 13:41:24,057] multiqc.modules.peddy.peddy                        [DEBUG  ]  Could not find any reports in ('results/fastqc/trimmed',)
[2021-04-08 13:41:24,106] multiqc.modules.methylQA.methylQA                  [DEBUG  ]  Could not find any reports in ('results/fastqc/trimmed',)
[2021-04-08 13:41:24,196] multiqc.modules.qualimap.QM_BamQC                  [DEBUG  ]  Using default Qualimap thresholds: 1, 5, 10, 30, 50
[2021-04-08 13:41:24,216] multiqc.modules.qualimap.qualimap                  [DEBUG  ]  Could not find any reports in ('results/fastqc/trimmed',)
[2021-04-08 13:41:25,203] multiqc.modules.preseq.preseq                      [DEBUG  ]  Could not find any preseq data in ('results/fastqc/trimmed',)
[2021-04-08 13:41:25,276] multiqc.modules.quast.quast                        [DEBUG  ]  Could not find any reports in ('results/fastqc/trimmed',)
[2021-04-08 13:41:25,917] multiqc.modules.rseqc.rseqc                        [DEBUG  ]  Could not find any reports in ('results/fastqc/trimmed',)
[2021-04-08 13:41:26,029] multiqc.modules.busco.busco                        [DEBUG  ]  Could not find any reports in ('results/fastqc/trimmed',)
[2021-04-08 13:41:26,080] multiqc.modules.goleft_indexcov.goleft_indexcov    [DEBUG  ]  Did not find goleft indexcov outputs in ('results/fastqc/trimmed',)
[2021-04-08 13:41:26,260] multiqc.modules.snpeff.snpeff                      [DEBUG  ]  Could not find any data in ('results/fastqc/trimmed',)
[2021-04-08 13:41:26,438] multiqc.modules.gatk.gatk                          [DEBUG  ]  Could not find any reports in ('results/fastqc/trimmed',)
[2021-04-08 13:41:26,641] multiqc.modules.htseq.htseq                        [DEBUG  ]  Could not find any reports in ('results/fastqc/trimmed',)
[2021-04-08 13:41:26,805] multiqc.modules.bcftools.bcftools                  [DEBUG  ]  Could not find any reports in ('results/fastqc/trimmed',)
[2021-04-08 13:41:26,993] multiqc.modules.featureCounts.feature_counts       [DEBUG  ]  Could not find any reports in ('results/fastqc/trimmed',)
[2021-04-08 13:41:28,212] multiqc.modules.picard.picard                      [DEBUG  ]  Could not find any reports in ('results/fastqc/trimmed',)
[2021-04-08 13:41:28,346] multiqc.modules.prokka.prokka                      [DEBUG  ]  Could not find any Prokka data in ('results/fastqc/trimmed',)
[2021-04-08 13:41:28,634] multiqc.modules.samblaster.samblaster              [DEBUG  ]  Could not find any data in ('results/fastqc/trimmed',)
[2021-04-08 13:41:29,079] multiqc.modules.samtools.samtools                  [DEBUG  ]  Could not find any reports in ('results/fastqc/trimmed',)
[2021-04-08 13:41:29,342] multiqc.modules.bamtools.bamtools                  [DEBUG  ]  Could not find any reports in ('results/fastqc/trimmed',)
[2021-04-08 13:41:29,402] multiqc.modules.bismark.bismark                    [DEBUG  ]  Could not find any reports in ('results/fastqc/trimmed',)
[2021-04-08 13:41:29,472] multiqc.modules.hicup.hicup                        [DEBUG  ]  Could not find any HiCUP data in ('results/fastqc/trimmed',)
[2021-04-08 13:41:29,563] multiqc.modules.salmon.salmon                      [DEBUG  ]  Could not find any Salmon data in ('results/fastqc/trimmed',)
[2021-04-08 13:41:29,774] multiqc.modules.kallisto.kallisto                  [DEBUG  ]  Could not find any reports in ('results/fastqc/trimmed',)
[2021-04-08 13:41:30,350] multiqc.modules.slamdunk.slamdunk                  [DEBUG  ]  No slamdunk reports found.
[2021-04-08 13:41:30,425] multiqc.modules.star.star                          [DEBUG  ]  Could not find any reports in ('results/fastqc/trimmed',)
[2021-04-08 13:41:30,478] multiqc.modules.tophat.tophat                      [DEBUG  ]  Could not find any reports in ('results/fastqc/trimmed',)
[2021-04-08 13:41:30,588] multiqc.modules.bowtie2.bowtie2                    [DEBUG  ]  Could not find any reports in ('results/fastqc/trimmed',)
[2021-04-08 13:41:30,702] multiqc.modules.bowtie1.bowtie1                    [DEBUG  ]  Could not find any reports in ('results/fastqc/trimmed',)
[2021-04-08 13:41:30,816] multiqc.modules.cutadapt.cutadapt                  [DEBUG  ]  Could not find any reports in ('results/fastqc/trimmed',)
[2021-04-08 13:41:30,939] multiqc.modules.trimmomatic.trimmomatic            [DEBUG  ]  Could not find any Trimmomatic data in ('results/fastqc/trimmed',)
[2021-04-08 13:41:31,103] multiqc.modules.skewer.skewer                      [DEBUG  ]  Could not find any data in ('results/fastqc/trimmed',)
[2021-04-08 13:41:31,237] multiqc.modules.fastq_screen.fastq_screen          [DEBUG  ]  Could not find any reports in ('results/fastqc/trimmed',)
[2021-04-08 13:41:47,591] multiqc.modules.fastqc.fastqc                      [INFO   ]  Found 36 reports
[2021-04-08 13:41:48,887] multiqc.modules.clusterflow.clusterflow            [DEBUG  ]  Could not find any reports in ('results/fastqc/trimmed',)
[2021-04-08 13:41:48,892] multiqc                                            [INFO   ]  Report      : results/multiqc/trimmed/multiqc_report.html
[2021-04-08 13:41:48,893] multiqc                                            [INFO   ]  Data        : results/multiqc/trimmed/multiqc_data
[2021-04-08 13:41:48,893] multiqc                                            [DEBUG  ]  Moving data file from '/tmp/tmpHtbAFK/multiqc_data/multiqc_sources.txt' to 'results/multiqc/trimmed/multiqc_data'
[2021-04-08 13:41:48,894] multiqc                                            [DEBUG  ]  Moving data file from '/tmp/tmpHtbAFK/multiqc_data/multiqc_general_stats.txt' to 'results/multiqc/trimmed/multiqc_data'
[2021-04-08 13:41:48,894] multiqc                                            [DEBUG  ]  Moving data file from '/tmp/tmpHtbAFK/multiqc_data/multiqc_fastqc.txt' to 'results/multiqc/trimmed/multiqc_data'
[2021-04-08 13:41:49,933] multiqc                                            [INFO   ]  MultiQC complete
